<?xml version="1.0" encoding="UTF-8"?>
<testng-results ignored="0" total="2" passed="2" failed="0" skipped="0">
  <reporter-output>
  </reporter-output>
  <suite started-at="2022-10-17T16:52:42 IST" name="Default suite" finished-at="2022-10-17T16:53:11 IST" duration-ms="28904">
    <groups>
      <group name="cucumber">
        <method signature="AbstractTestNGCucumberTests.runScenario(io.cucumber.testng.PickleWrapper,io.cucumber.testng.FeatureWrapper)[pri:0, instance:runner.RunCuke@2cf3d63b]" name="runScenario" class="io.cucumber.testng.AbstractTestNGCucumberTests"/>
      </group> <!-- cucumber -->
    </groups>
    <test started-at="2022-10-17T16:52:42 IST" name="Default test" finished-at="2022-10-17T16:53:11 IST" duration-ms="28904">
      <class name="runner.RunCuke">
        <test-method is-config="true" signature="setUpClass(org.testng.ITestContext)[pri:0, instance:runner.RunCuke@2cf3d63b]" started-at="2022-10-17T16:52:42 IST" name="setUpClass" finished-at="2022-10-17T16:52:42 IST" duration-ms="376" status="PASS">
          <params>
            <param index="0">
              <value>
                <![CDATA[org.testng.TestRunner@40709f9]]>
              </value>
            </param>
          </params>
          <reporter-output>
          </reporter-output>
        </test-method> <!-- setUpClass -->
        <test-method signature="runScenario(io.cucumber.testng.PickleWrapper,io.cucumber.testng.FeatureWrapper)[pri:0, instance:runner.RunCuke@2cf3d63b]" started-at="2022-10-17T16:52:42 IST" name="runScenario" description="Runs Cucumber Scenarios" data-provider="scenarios" finished-at="2022-10-17T16:52:56 IST" duration-ms="13903" status="PASS">
          <params>
            <param index="0">
              <value>
                <![CDATA["External User logs into application with valid username and password"]]>
              </value>
            </param>
            <param index="1">
              <value>
                <![CDATA["Optional[Application Login]"]]>
              </value>
            </param>
          </params>
          <reporter-output>
          </reporter-output>
        </test-method> <!-- runScenario -->
        <test-method signature="runScenario(io.cucumber.testng.PickleWrapper,io.cucumber.testng.FeatureWrapper)[pri:0, instance:runner.RunCuke@2cf3d63b]" started-at="2022-10-17T16:52:56 IST" name="runScenario" description="Runs Cucumber Scenarios" data-provider="scenarios" finished-at="2022-10-17T16:53:11 IST" duration-ms="14552" status="PASS">
          <params>
            <param index="0">
              <value>
                <![CDATA["User should be able to navigate to Myprofile page"]]>
              </value>
            </param>
            <param index="1">
              <value>
                <![CDATA["Optional[MyProfile]"]]>
              </value>
            </param>
          </params>
          <reporter-output>
          </reporter-output>
        </test-method> <!-- runScenario -->
        <test-method is-config="true" signature="tearDownClass()[pri:0, instance:runner.RunCuke@2cf3d63b]" started-at="2022-10-17T16:53:11 IST" name="tearDownClass" finished-at="2022-10-17T16:53:11 IST" duration-ms="36" status="PASS">
          <reporter-output>
          </reporter-output>
        </test-method> <!-- tearDownClass -->
      </class> <!-- runner.RunCuke -->
    </test> <!-- Default test -->
  </suite> <!-- Default suite -->
</testng-results>
